mode: set
github.com/abates/AdventOfCode/coordinate/coordinate.go:9.51,13.39 4 1
github.com/abates/AdventOfCode/coordinate/coordinate.go:16.2,16.37 1 1
github.com/abates/AdventOfCode/coordinate/coordinate.go:13.39,15.3 1 1
github.com/abates/AdventOfCode/coordinate/coordinate.go:19.51,22.39 3 1
github.com/abates/AdventOfCode/coordinate/coordinate.go:25.2,25.17 1 1
github.com/abates/AdventOfCode/coordinate/coordinate.go:22.39,24.3 1 1
github.com/abates/AdventOfCode/coordinate/coordinate.go:41.45,43.2 1 1
github.com/abates/AdventOfCode/coordinate/coordinate.go:45.40,45.69 1 1
github.com/abates/AdventOfCode/coordinate/coordinate.go:47.41,47.68 1 1
github.com/abates/AdventOfCode/coordinate/coordinate.go:49.38,51.43 2 1
github.com/abates/AdventOfCode/coordinate/coordinate.go:54.2,54.52 1 1
github.com/abates/AdventOfCode/coordinate/coordinate.go:51.43,53.3 1 1
github.com/abates/AdventOfCode/coordinate/coordinate.go:57.100,61.43 2 1
github.com/abates/AdventOfCode/coordinate/coordinate.go:64.2,64.23 1 1
github.com/abates/AdventOfCode/coordinate/coordinate.go:61.43,63.3 1 1
github.com/abates/AdventOfCode/coordinate/coordinate.go:67.56,68.58 1 1
github.com/abates/AdventOfCode/coordinate/coordinate.go:68.58,68.78 1 1
github.com/abates/AdventOfCode/coordinate/coordinate.go:71.65,72.62 1 1
github.com/abates/AdventOfCode/coordinate/coordinate.go:72.62,72.82 1 1
github.com/abates/AdventOfCode/coordinate/coordinate.go:75.65,76.62 1 1
github.com/abates/AdventOfCode/coordinate/coordinate.go:76.62,76.82 1 1
github.com/abates/AdventOfCode/coordinate/coordinate.go:79.51,80.16 1 1
github.com/abates/AdventOfCode/coordinate/coordinate.go:84.2,84.30 1 1
github.com/abates/AdventOfCode/coordinate/coordinate.go:88.2,88.43 1 1
github.com/abates/AdventOfCode/coordinate/coordinate.go:93.2,93.13 1 1
github.com/abates/AdventOfCode/coordinate/coordinate.go:80.16,82.3 1 0
github.com/abates/AdventOfCode/coordinate/coordinate.go:84.30,86.3 1 0
github.com/abates/AdventOfCode/coordinate/coordinate.go:88.43,89.33 1 1
github.com/abates/AdventOfCode/coordinate/coordinate.go:89.33,91.4 1 1
github.com/abates/AdventOfCode/coordinate/coordinate.go:96.49,104.2 2 1
github.com/abates/AdventOfCode/coordinate/coordinate.go:112.37,114.2 1 0
github.com/abates/AdventOfCode/coordinate/coordinate.go:116.53,118.2 1 1
github.com/abates/AdventOfCode/coordinate/coordinate.go:120.69,126.12 4 1
github.com/abates/AdventOfCode/coordinate/coordinate.go:130.2,138.47 4 1
github.com/abates/AdventOfCode/coordinate/coordinate.go:148.2,148.64 1 1
github.com/abates/AdventOfCode/coordinate/coordinate.go:151.2,151.19 1 1
github.com/abates/AdventOfCode/coordinate/coordinate.go:126.12,128.3 1 0
github.com/abates/AdventOfCode/coordinate/coordinate.go:138.47,141.13 3 1
github.com/abates/AdventOfCode/coordinate/coordinate.go:144.3,144.34 1 1
github.com/abates/AdventOfCode/coordinate/coordinate.go:141.13,143.4 1 0
github.com/abates/AdventOfCode/coordinate/coordinate.go:148.64,150.3 1 1
github.com/abates/AdventOfCode/coordinate/coordinate.go:154.53,155.47 1 1
github.com/abates/AdventOfCode/coordinate/coordinate.go:168.2,168.13 1 1
github.com/abates/AdventOfCode/coordinate/coordinate.go:155.47,158.18 3 1
github.com/abates/AdventOfCode/coordinate/coordinate.go:164.3,164.49 1 1
github.com/abates/AdventOfCode/coordinate/coordinate.go:158.18,162.4 3 1
github.com/abates/AdventOfCode/coordinate/coordinate.go:164.49,166.4 1 1
github.com/abates/AdventOfCode/coordinate/coordinate.go:171.34,173.2 1 0
