mode: set
github.com/abates/AdventOfCode/graph/bfs/bfs.go:9.38,11.2 1 1
github.com/abates/AdventOfCode/graph/bfs/bfs.go:17.31,19.2 1 1
github.com/abates/AdventOfCode/graph/bfs/bfs.go:21.42,23.31 2 0
github.com/abates/AdventOfCode/graph/bfs/bfs.go:26.2,26.14 1 0
github.com/abates/AdventOfCode/graph/bfs/bfs.go:23.31,25.3 1 0
github.com/abates/AdventOfCode/graph/bfs/bfs.go:29.45,30.22 1 1
github.com/abates/AdventOfCode/graph/bfs/bfs.go:33.2,33.8 1 1
github.com/abates/AdventOfCode/graph/bfs/bfs.go:30.22,32.3 1 1
github.com/abates/AdventOfCode/graph/bfs/bfs.go:36.46,38.2 1 1
github.com/abates/AdventOfCode/graph/bfs/bfs.go:40.46,41.22 1 1
github.com/abates/AdventOfCode/graph/bfs/bfs.go:45.2,45.8 1 1
github.com/abates/AdventOfCode/graph/bfs/bfs.go:41.22,44.3 2 1
github.com/abates/AdventOfCode/graph/bfs/bfs.go:50.65,52.59 2 1
github.com/abates/AdventOfCode/graph/bfs/bfs.go:59.2,59.14 1 1
github.com/abates/AdventOfCode/graph/bfs/bfs.go:52.59,53.17 1 1
github.com/abates/AdventOfCode/graph/bfs/bfs.go:56.3,56.22 1 1
github.com/abates/AdventOfCode/graph/bfs/bfs.go:53.17,55.4 1 1
github.com/abates/AdventOfCode/graph/bfs/bfs.go:62.40,64.59 2 0
github.com/abates/AdventOfCode/graph/bfs/bfs.go:68.2,68.14 1 0
github.com/abates/AdventOfCode/graph/bfs/bfs.go:64.59,67.3 2 0
github.com/abates/AdventOfCode/graph/bfs/bfs.go:71.68,72.56 1 0
github.com/abates/AdventOfCode/graph/bfs/bfs.go:79.2,79.13 1 0
github.com/abates/AdventOfCode/graph/bfs/bfs.go:72.56,73.26 1 0
github.com/abates/AdventOfCode/graph/bfs/bfs.go:77.3,77.15 1 0
github.com/abates/AdventOfCode/graph/bfs/bfs.go:73.26,76.4 2 0
github.com/abates/AdventOfCode/graph/bfs/bfs.go:82.53,92.47 5 1
github.com/abates/AdventOfCode/graph/bfs/bfs.go:98.2,98.18 1 1
github.com/abates/AdventOfCode/graph/bfs/bfs.go:92.47,94.3 1 1
github.com/abates/AdventOfCode/graph/bfs/bfs.go:94.8,96.3 1 0
github.com/abates/AdventOfCode/graph/bfs/bfs.go:98.18,100.34 2 1
github.com/abates/AdventOfCode/graph/bfs/bfs.go:104.3,107.41 3 1
github.com/abates/AdventOfCode/graph/bfs/bfs.go:100.34,102.4 1 1
github.com/abates/AdventOfCode/graph/bfs/bfs.go:107.41,111.45 4 1
github.com/abates/AdventOfCode/graph/bfs/bfs.go:114.4,114.39 1 1
github.com/abates/AdventOfCode/graph/bfs/bfs.go:111.45,113.5 1 1
github.com/abates/AdventOfCode/graph/bfs/bfs.go:114.39,122.5 5 1
