mode: set
github.com/abates/AdventOfCode/2019/day01.go:8.13,11.2 2 1
github.com/abates/AdventOfCode/2019/day01.go:14.24,16.2 1 1
github.com/abates/AdventOfCode/2019/day01.go:22.40,24.16 2 1
github.com/abates/AdventOfCode/2019/day01.go:27.2,27.12 1 1
github.com/abates/AdventOfCode/2019/day01.go:24.16,26.3 1 1
github.com/abates/AdventOfCode/2019/day01.go:30.39,32.36 2 1
github.com/abates/AdventOfCode/2019/day01.go:35.2,35.64 1 1
github.com/abates/AdventOfCode/2019/day01.go:32.36,34.3 1 1
github.com/abates/AdventOfCode/2019/day01.go:38.29,40.13 2 1
github.com/abates/AdventOfCode/2019/day01.go:45.2,45.12 1 1
github.com/abates/AdventOfCode/2019/day01.go:40.13,42.3 1 1
github.com/abates/AdventOfCode/2019/day01.go:42.8,44.3 1 1
github.com/abates/AdventOfCode/2019/day01.go:48.39,50.36 2 1
github.com/abates/AdventOfCode/2019/day01.go:53.2,53.64 1 1
github.com/abates/AdventOfCode/2019/day01.go:50.36,52.3 1 1
github.com/abates/AdventOfCode/2019/day03.go:11.13,14.2 2 1
github.com/abates/AdventOfCode/2019/day03.go:24.54,26.37 2 1
github.com/abates/AdventOfCode/2019/day03.go:33.2,33.17 1 1
github.com/abates/AdventOfCode/2019/day03.go:26.37,27.26 1 1
github.com/abates/AdventOfCode/2019/day03.go:31.3,31.76 1 1
github.com/abates/AdventOfCode/2019/day03.go:27.26,29.9 2 1
github.com/abates/AdventOfCode/2019/day03.go:36.67,38.32 2 1
github.com/abates/AdventOfCode/2019/day03.go:47.2,47.22 1 1
github.com/abates/AdventOfCode/2019/day03.go:38.32,39.37 1 1
github.com/abates/AdventOfCode/2019/day03.go:39.37,40.46 1 1
github.com/abates/AdventOfCode/2019/day03.go:40.46,41.39 1 1
github.com/abates/AdventOfCode/2019/day03.go:41.39,43.6 1 1
github.com/abates/AdventOfCode/2019/day03.go:50.40,51.44 1 1
github.com/abates/AdventOfCode/2019/day03.go:55.2,55.37 1 1
github.com/abates/AdventOfCode/2019/day03.go:60.2,60.13 1 1
github.com/abates/AdventOfCode/2019/day03.go:51.44,53.3 1 0
github.com/abates/AdventOfCode/2019/day03.go:55.37,56.53 1 1
github.com/abates/AdventOfCode/2019/day03.go:56.53,58.4 1 0
github.com/abates/AdventOfCode/2019/day03.go:67.40,71.48 4 1
github.com/abates/AdventOfCode/2019/day03.go:93.2,94.12 2 1
github.com/abates/AdventOfCode/2019/day03.go:71.48,74.17 3 1
github.com/abates/AdventOfCode/2019/day03.go:74.17,75.15 1 1
github.com/abates/AdventOfCode/2019/day03.go:87.4,88.15 2 1
github.com/abates/AdventOfCode/2019/day03.go:76.13,77.55 1 1
github.com/abates/AdventOfCode/2019/day03.go:78.13,79.56 1 1
github.com/abates/AdventOfCode/2019/day03.go:80.13,81.56 1 1
github.com/abates/AdventOfCode/2019/day03.go:82.13,83.55 1 1
github.com/abates/AdventOfCode/2019/day03.go:84.12,85.51 1 0
github.com/abates/AdventOfCode/2019/day03.go:89.9,91.4 1 0
github.com/abates/AdventOfCode/2019/day03.go:97.81,99.30 2 1
github.com/abates/AdventOfCode/2019/day03.go:114.2,114.8 1 1
github.com/abates/AdventOfCode/2019/day03.go:99.30,100.31 1 1
github.com/abates/AdventOfCode/2019/day03.go:100.31,101.16 1 1
github.com/abates/AdventOfCode/2019/day03.go:105.4,105.43 1 1
github.com/abates/AdventOfCode/2019/day03.go:101.16,102.13 1 1
github.com/abates/AdventOfCode/2019/day03.go:105.43,107.33 2 1
github.com/abates/AdventOfCode/2019/day03.go:107.33,110.6 2 1
github.com/abates/AdventOfCode/2019/day03.go:117.39,120.2 2 1
github.com/abates/AdventOfCode/2019/day03.go:122.39,124.30 2 1
github.com/abates/AdventOfCode/2019/day03.go:138.2,138.81 1 1
github.com/abates/AdventOfCode/2019/day03.go:124.30,125.31 1 1
github.com/abates/AdventOfCode/2019/day03.go:125.31,126.16 1 1
github.com/abates/AdventOfCode/2019/day03.go:130.4,130.43 1 1
github.com/abates/AdventOfCode/2019/day03.go:126.16,127.13 1 1
github.com/abates/AdventOfCode/2019/day03.go:130.43,132.37 2 1
github.com/abates/AdventOfCode/2019/day03.go:132.37,134.6 1 1
github.com/abates/AdventOfCode/2019/day04.go:9.13,12.2 2 1
github.com/abates/AdventOfCode/2019/day04.go:19.53,20.20 1 1
github.com/abates/AdventOfCode/2019/day04.go:23.2,24.17 2 1
github.com/abates/AdventOfCode/2019/day04.go:28.2,29.16 2 1
github.com/abates/AdventOfCode/2019/day04.go:32.2,32.12 1 1
github.com/abates/AdventOfCode/2019/day04.go:20.20,22.3 1 0
github.com/abates/AdventOfCode/2019/day04.go:24.17,26.3 1 0
github.com/abates/AdventOfCode/2019/day04.go:29.16,31.3 1 1
github.com/abates/AdventOfCode/2019/day04.go:35.40,37.29 2 1
github.com/abates/AdventOfCode/2019/day04.go:43.2,43.54 1 1
github.com/abates/AdventOfCode/2019/day04.go:46.2,46.14 1 1
github.com/abates/AdventOfCode/2019/day04.go:37.29,40.3 2 1
github.com/abates/AdventOfCode/2019/day04.go:43.54,45.3 1 1
github.com/abates/AdventOfCode/2019/day04.go:49.42,51.33 2 1
github.com/abates/AdventOfCode/2019/day04.go:57.2,57.13 1 1
github.com/abates/AdventOfCode/2019/day04.go:51.33,52.18 1 1
github.com/abates/AdventOfCode/2019/day04.go:55.3,55.14 1 1
github.com/abates/AdventOfCode/2019/day04.go:52.18,54.4 1 1
github.com/abates/AdventOfCode/2019/day04.go:60.56,64.33 3 1
github.com/abates/AdventOfCode/2019/day04.go:71.2,71.26 1 1
github.com/abates/AdventOfCode/2019/day04.go:82.2,82.14 1 1
github.com/abates/AdventOfCode/2019/day04.go:64.33,65.20 1 1
github.com/abates/AdventOfCode/2019/day04.go:68.3,68.15 1 1
github.com/abates/AdventOfCode/2019/day04.go:65.20,67.4 1 1
github.com/abates/AdventOfCode/2019/day04.go:71.26,72.13 1 1
github.com/abates/AdventOfCode/2019/day04.go:72.13,73.18 1 1
github.com/abates/AdventOfCode/2019/day04.go:73.18,74.15 1 1
github.com/abates/AdventOfCode/2019/day04.go:74.15,76.6 1 1
github.com/abates/AdventOfCode/2019/day04.go:77.10,79.5 1 1
github.com/abates/AdventOfCode/2019/day04.go:85.39,87.36 2 0
github.com/abates/AdventOfCode/2019/day04.go:93.2,93.82 1 0
github.com/abates/AdventOfCode/2019/day04.go:87.36,89.63 2 0
github.com/abates/AdventOfCode/2019/day04.go:89.63,91.4 1 0
github.com/abates/AdventOfCode/2019/day04.go:96.39,98.36 2 0
github.com/abates/AdventOfCode/2019/day04.go:106.2,106.82 1 0
github.com/abates/AdventOfCode/2019/day04.go:98.36,100.31 2 0
github.com/abates/AdventOfCode/2019/day04.go:100.31,101.35 1 0
github.com/abates/AdventOfCode/2019/day04.go:101.35,103.5 1 0
github.com/abates/AdventOfCode/2019/main.go:23.83,25.16 2 1
github.com/abates/AdventOfCode/2019/main.go:60.2,60.12 1 1
github.com/abates/AdventOfCode/2019/main.go:25.16,27.34 2 1
github.com/abates/AdventOfCode/2019/main.go:43.3,43.17 1 1
github.com/abates/AdventOfCode/2019/main.go:27.34,28.31 1 1
github.com/abates/AdventOfCode/2019/main.go:28.31,29.19 1 1
github.com/abates/AdventOfCode/2019/main.go:32.5,33.19 2 1
github.com/abates/AdventOfCode/2019/main.go:29.19,30.14 1 0
github.com/abates/AdventOfCode/2019/main.go:33.19,34.11 1 0
github.com/abates/AdventOfCode/2019/main.go:37.9,37.41 1 1
github.com/abates/AdventOfCode/2019/main.go:37.41,39.4 1 1
github.com/abates/AdventOfCode/2019/main.go:39.9,41.4 1 0
github.com/abates/AdventOfCode/2019/main.go:43.17,45.25 2 1
github.com/abates/AdventOfCode/2019/main.go:50.4,50.18 1 1
github.com/abates/AdventOfCode/2019/main.go:45.25,48.5 2 1
github.com/abates/AdventOfCode/2019/main.go:50.18,51.23 1 1
github.com/abates/AdventOfCode/2019/main.go:51.23,53.20 2 1
github.com/abates/AdventOfCode/2019/main.go:53.20,55.7 1 1
github.com/abates/AdventOfCode/2019/main.go:63.37,64.15 1 0
github.com/abates/AdventOfCode/2019/main.go:67.2,69.13 3 0
github.com/abates/AdventOfCode/2019/main.go:64.15,66.3 1 0
github.com/abates/AdventOfCode/2019/main.go:72.27,73.34 1 0
github.com/abates/AdventOfCode/2019/main.go:77.2,79.16 3 0
github.com/abates/AdventOfCode/2019/main.go:84.2,84.52 1 0
github.com/abates/AdventOfCode/2019/main.go:73.34,75.3 1 0
github.com/abates/AdventOfCode/2019/main.go:79.16,82.3 2 0
github.com/abates/AdventOfCode/2019/main.go:87.13,89.22 2 0
github.com/abates/AdventOfCode/2019/main.go:99.2,99.28 1 0
github.com/abates/AdventOfCode/2019/main.go:106.2,106.16 1 0
github.com/abates/AdventOfCode/2019/main.go:89.22,91.17 2 0
github.com/abates/AdventOfCode/2019/main.go:91.17,94.4 2 0
github.com/abates/AdventOfCode/2019/main.go:94.9,96.4 1 0
github.com/abates/AdventOfCode/2019/main.go:99.28,101.17 2 0
github.com/abates/AdventOfCode/2019/main.go:101.17,102.9 1 0
github.com/abates/AdventOfCode/2019/main.go:106.16,109.3 2 0
github.com/abates/AdventOfCode/2019/day09.go:3.13,6.2 2 1
github.com/abates/AdventOfCode/2019/day09.go:12.53,15.2 2 0
github.com/abates/AdventOfCode/2019/day09.go:17.39,19.2 1 0
github.com/abates/AdventOfCode/2019/day09.go:21.39,23.2 1 0
github.com/abates/AdventOfCode/2019/computer.go:15.30,17.2 1 1
github.com/abates/AdventOfCode/2019/computer.go:43.42,45.2 1 0
github.com/abates/AdventOfCode/2019/computer.go:47.42,49.2 1 1
github.com/abates/AdventOfCode/2019/computer.go:51.45,52.13 1 1
github.com/abates/AdventOfCode/2019/computer.go:55.2,55.24 1 1
github.com/abates/AdventOfCode/2019/computer.go:52.13,53.56 1 0
github.com/abates/AdventOfCode/2019/computer.go:58.59,62.57 4 1
github.com/abates/AdventOfCode/2019/computer.go:66.2,66.12 1 1
github.com/abates/AdventOfCode/2019/computer.go:62.57,65.3 2 1
github.com/abates/AdventOfCode/2019/computer.go:69.58,70.20 1 1
github.com/abates/AdventOfCode/2019/computer.go:74.2,75.54 2 1
github.com/abates/AdventOfCode/2019/computer.go:83.2,83.17 1 1
github.com/abates/AdventOfCode/2019/computer.go:70.20,72.3 1 0
github.com/abates/AdventOfCode/2019/computer.go:75.54,78.15 3 1
github.com/abates/AdventOfCode/2019/computer.go:81.3,81.23 1 1
github.com/abates/AdventOfCode/2019/computer.go:78.15,80.4 1 0
github.com/abates/AdventOfCode/2019/computer.go:94.40,103.2 3 1
github.com/abates/AdventOfCode/2019/computer.go:105.42,107.2 1 1
github.com/abates/AdventOfCode/2019/computer.go:109.51,113.2 3 1
github.com/abates/AdventOfCode/2019/computer.go:115.43,117.2 1 1
github.com/abates/AdventOfCode/2019/computer.go:119.35,121.2 1 1
github.com/abates/AdventOfCode/2019/computer.go:123.54,124.26 1 1
github.com/abates/AdventOfCode/2019/computer.go:130.2,130.29 1 1
github.com/abates/AdventOfCode/2019/computer.go:133.2,133.20 1 1
github.com/abates/AdventOfCode/2019/computer.go:124.26,126.3 1 1
github.com/abates/AdventOfCode/2019/computer.go:126.8,126.33 1 1
github.com/abates/AdventOfCode/2019/computer.go:126.33,128.3 1 1
github.com/abates/AdventOfCode/2019/computer.go:130.29,132.3 1 1
github.com/abates/AdventOfCode/2019/computer.go:136.61,137.26 1 1
github.com/abates/AdventOfCode/2019/computer.go:143.2,143.29 1 1
github.com/abates/AdventOfCode/2019/computer.go:146.2,146.21 1 1
github.com/abates/AdventOfCode/2019/computer.go:137.26,139.3 1 1
github.com/abates/AdventOfCode/2019/computer.go:139.8,139.33 1 0
github.com/abates/AdventOfCode/2019/computer.go:139.33,141.3 1 0
github.com/abates/AdventOfCode/2019/computer.go:143.29,145.3 1 1
github.com/abates/AdventOfCode/2019/computer.go:149.40,153.2 3 1
github.com/abates/AdventOfCode/2019/computer.go:155.45,159.2 3 1
github.com/abates/AdventOfCode/2019/computer.go:161.74,168.2 6 1
github.com/abates/AdventOfCode/2019/computer.go:170.32,171.30 1 1
github.com/abates/AdventOfCode/2019/computer.go:225.2,225.12 1 0
github.com/abates/AdventOfCode/2019/computer.go:171.30,174.30 3 1
github.com/abates/AdventOfCode/2019/computer.go:179.3,179.24 1 1
github.com/abates/AdventOfCode/2019/computer.go:174.30,176.4 1 1
github.com/abates/AdventOfCode/2019/computer.go:180.12,182.10 2 1
github.com/abates/AdventOfCode/2019/computer.go:183.17,185.10 2 1
github.com/abates/AdventOfCode/2019/computer.go:186.14,188.10 2 1
github.com/abates/AdventOfCode/2019/computer.go:189.15,191.10 2 1
github.com/abates/AdventOfCode/2019/computer.go:192.12,193.65 1 1
github.com/abates/AdventOfCode/2019/computer.go:198.12,199.65 1 1
github.com/abates/AdventOfCode/2019/computer.go:204.11,205.88 1 1
github.com/abates/AdventOfCode/2019/computer.go:210.4,210.10 1 1
github.com/abates/AdventOfCode/2019/computer.go:211.11,212.89 1 1
github.com/abates/AdventOfCode/2019/computer.go:217.4,217.10 1 1
github.com/abates/AdventOfCode/2019/computer.go:218.12,220.10 2 1
github.com/abates/AdventOfCode/2019/computer.go:221.11,222.69 1 0
github.com/abates/AdventOfCode/2019/computer.go:193.65,195.5 1 1
github.com/abates/AdventOfCode/2019/computer.go:195.10,197.5 1 1
github.com/abates/AdventOfCode/2019/computer.go:199.65,201.5 1 1
github.com/abates/AdventOfCode/2019/computer.go:201.10,203.5 1 1
github.com/abates/AdventOfCode/2019/computer.go:205.88,207.5 1 1
github.com/abates/AdventOfCode/2019/computer.go:207.10,209.5 1 1
github.com/abates/AdventOfCode/2019/computer.go:212.89,214.5 1 1
github.com/abates/AdventOfCode/2019/computer.go:214.10,216.5 1 1
github.com/abates/AdventOfCode/2019/computer.go:228.34,230.26 2 1
github.com/abates/AdventOfCode/2019/computer.go:233.2,233.31 1 1
github.com/abates/AdventOfCode/2019/computer.go:230.26,232.3 1 1
github.com/abates/AdventOfCode/2019/day02.go:8.13,11.2 2 1
github.com/abates/AdventOfCode/2019/day02.go:17.53,20.2 2 1
github.com/abates/AdventOfCode/2019/day02.go:22.39,28.16 6 0
github.com/abates/AdventOfCode/2019/day02.go:31.2,31.20 1 0
github.com/abates/AdventOfCode/2019/day02.go:28.16,30.3 1 0
github.com/abates/AdventOfCode/2019/day02.go:34.39,35.27 1 0
github.com/abates/AdventOfCode/2019/day02.go:50.2,50.50 1 0
github.com/abates/AdventOfCode/2019/day02.go:35.27,36.28 1 0
github.com/abates/AdventOfCode/2019/day02.go:36.28,41.18 5 0
github.com/abates/AdventOfCode/2019/day02.go:45.4,45.62 1 0
github.com/abates/AdventOfCode/2019/day02.go:41.18,43.5 1 0
github.com/abates/AdventOfCode/2019/day02.go:45.62,47.5 1 0
github.com/abates/AdventOfCode/2019/day05.go:7.13,10.2 2 1
github.com/abates/AdventOfCode/2019/day05.go:16.53,19.2 2 0
github.com/abates/AdventOfCode/2019/day05.go:21.49,25.2 3 0
github.com/abates/AdventOfCode/2019/day05.go:27.39,29.2 1 0
github.com/abates/AdventOfCode/2019/day05.go:31.39,33.2 1 0
github.com/abates/AdventOfCode/2019/day06.go:8.13,11.2 2 1
github.com/abates/AdventOfCode/2019/day06.go:19.45,21.30 2 1
github.com/abates/AdventOfCode/2019/day06.go:24.2,24.14 1 1
github.com/abates/AdventOfCode/2019/day06.go:21.30,23.3 1 1
github.com/abates/AdventOfCode/2019/day06.go:27.48,29.45 2 1
github.com/abates/AdventOfCode/2019/day06.go:32.2,32.14 1 1
github.com/abates/AdventOfCode/2019/day06.go:29.45,31.3 1 1
github.com/abates/AdventOfCode/2019/day06.go:35.52,38.23 3 1
github.com/abates/AdventOfCode/2019/day06.go:45.2,45.11 1 0
github.com/abates/AdventOfCode/2019/day06.go:38.23,39.24 1 1
github.com/abates/AdventOfCode/2019/day06.go:39.24,40.14 1 1
github.com/abates/AdventOfCode/2019/day06.go:40.14,42.5 1 1
github.com/abates/AdventOfCode/2019/day06.go:53.40,54.24 1 1
github.com/abates/AdventOfCode/2019/day06.go:60.2,63.12 3 1
github.com/abates/AdventOfCode/2019/day06.go:68.2,69.12 2 1
github.com/abates/AdventOfCode/2019/day06.go:73.2,75.12 3 1
github.com/abates/AdventOfCode/2019/day06.go:54.24,58.3 3 1
github.com/abates/AdventOfCode/2019/day06.go:63.12,66.3 2 0
github.com/abates/AdventOfCode/2019/day06.go:69.12,72.3 2 1
github.com/abates/AdventOfCode/2019/day06.go:78.39,81.2 2 1
github.com/abates/AdventOfCode/2019/day06.go:83.39,86.2 2 1
github.com/abates/AdventOfCode/2019/day07.go:10.13,13.2 2 1
github.com/abates/AdventOfCode/2019/day07.go:19.53,22.2 2 1
github.com/abates/AdventOfCode/2019/day07.go:24.55,27.39 3 1
github.com/abates/AdventOfCode/2019/day07.go:44.2,45.15 2 1
github.com/abates/AdventOfCode/2019/day07.go:27.39,29.27 2 1
github.com/abates/AdventOfCode/2019/day07.go:29.27,30.35 1 1
github.com/abates/AdventOfCode/2019/day07.go:33.4,35.16 3 1
github.com/abates/AdventOfCode/2019/day07.go:40.4,40.20 1 1
github.com/abates/AdventOfCode/2019/day07.go:30.35,31.13 1 1
github.com/abates/AdventOfCode/2019/day07.go:35.16,37.5 1 1
github.com/abates/AdventOfCode/2019/day07.go:37.10,39.5 1 1
github.com/abates/AdventOfCode/2019/day07.go:48.65,53.33 4 1
github.com/abates/AdventOfCode/2019/day07.go:67.2,67.14 1 1
github.com/abates/AdventOfCode/2019/day07.go:71.2,71.27 1 1
github.com/abates/AdventOfCode/2019/day07.go:86.2,89.20 4 1
github.com/abates/AdventOfCode/2019/day07.go:53.33,56.13 3 1
github.com/abates/AdventOfCode/2019/day07.go:62.3,64.24 3 1
github.com/abates/AdventOfCode/2019/day07.go:56.13,58.4 1 1
github.com/abates/AdventOfCode/2019/day07.go:58.9,60.4 1 1
github.com/abates/AdventOfCode/2019/day07.go:67.14,69.3 1 1
github.com/abates/AdventOfCode/2019/day07.go:71.27,72.22 1 1
github.com/abates/AdventOfCode/2019/day07.go:75.3,75.33 1 1
github.com/abates/AdventOfCode/2019/day07.go:72.22,74.4 1 1
github.com/abates/AdventOfCode/2019/day07.go:75.33,77.18 2 1
github.com/abates/AdventOfCode/2019/day07.go:80.4,80.23 1 1
github.com/abates/AdventOfCode/2019/day07.go:77.18,78.23 1 0
github.com/abates/AdventOfCode/2019/day07.go:80.23,82.5 1 1
github.com/abates/AdventOfCode/2019/day07.go:92.65,96.24 4 1
github.com/abates/AdventOfCode/2019/day07.go:105.2,105.57 1 1
github.com/abates/AdventOfCode/2019/day07.go:96.24,98.17 2 1
github.com/abates/AdventOfCode/2019/day07.go:101.3,101.19 1 1
github.com/abates/AdventOfCode/2019/day07.go:98.17,99.22 1 0
github.com/abates/AdventOfCode/2019/day07.go:101.19,103.4 1 1
github.com/abates/AdventOfCode/2019/day07.go:108.39,110.2 1 1
github.com/abates/AdventOfCode/2019/day07.go:112.39,114.2 1 1
github.com/abates/AdventOfCode/2019/day08.go:9.13,12.2 2 1
github.com/abates/AdventOfCode/2019/day08.go:21.45,22.27 1 1
github.com/abates/AdventOfCode/2019/day08.go:25.2,26.26 2 1
github.com/abates/AdventOfCode/2019/day08.go:30.2,31.12 2 1
github.com/abates/AdventOfCode/2019/day08.go:22.27,24.3 1 0
github.com/abates/AdventOfCode/2019/day08.go:26.26,29.3 2 1
github.com/abates/AdventOfCode/2019/day08.go:34.48,36.43 2 1
github.com/abates/AdventOfCode/2019/day08.go:43.2,43.28 1 1
github.com/abates/AdventOfCode/2019/day08.go:46.2,46.12 1 1
github.com/abates/AdventOfCode/2019/day08.go:36.43,38.17 2 1
github.com/abates/AdventOfCode/2019/day08.go:38.17,39.9 1 0
github.com/abates/AdventOfCode/2019/day08.go:43.28,45.3 1 0
github.com/abates/AdventOfCode/2019/day08.go:49.36,51.2 1 0
github.com/abates/AdventOfCode/2019/day08.go:59.50,60.60 1 1
github.com/abates/AdventOfCode/2019/day08.go:69.2,69.12 1 1
github.com/abates/AdventOfCode/2019/day08.go:60.60,63.17 3 1
github.com/abates/AdventOfCode/2019/day08.go:66.3,66.41 1 1
github.com/abates/AdventOfCode/2019/day08.go:63.17,64.9 1 0
github.com/abates/AdventOfCode/2019/day08.go:72.35,74.40 2 1
github.com/abates/AdventOfCode/2019/day08.go:89.2,89.25 1 1
github.com/abates/AdventOfCode/2019/day08.go:74.40,75.40 1 1
github.com/abates/AdventOfCode/2019/day08.go:87.3,87.28 1 1
github.com/abates/AdventOfCode/2019/day08.go:75.40,76.33 1 1
github.com/abates/AdventOfCode/2019/day08.go:76.33,77.30 1 1
github.com/abates/AdventOfCode/2019/day08.go:77.30,78.31 1 1
github.com/abates/AdventOfCode/2019/day08.go:83.6,83.11 1 1
github.com/abates/AdventOfCode/2019/day08.go:78.31,80.7 1 1
github.com/abates/AdventOfCode/2019/day08.go:80.12,82.7 1 1
github.com/abates/AdventOfCode/2019/day08.go:98.46,99.24 1 1
github.com/abates/AdventOfCode/2019/day08.go:111.2,111.12 1 1
github.com/abates/AdventOfCode/2019/day08.go:99.24,100.49 1 1
github.com/abates/AdventOfCode/2019/day08.go:100.49,102.18 2 1
github.com/abates/AdventOfCode/2019/day08.go:102.18,104.5 1 1
github.com/abates/AdventOfCode/2019/day08.go:104.10,106.5 1 0
github.com/abates/AdventOfCode/2019/day08.go:108.8,110.3 1 0
github.com/abates/AdventOfCode/2019/day08.go:114.50,117.35 3 0
github.com/abates/AdventOfCode/2019/day08.go:121.2,123.16 3 0
github.com/abates/AdventOfCode/2019/day08.go:135.2,135.20 1 0
github.com/abates/AdventOfCode/2019/day08.go:117.35,120.3 2 0
github.com/abates/AdventOfCode/2019/day08.go:123.16,126.36 3 0
github.com/abates/AdventOfCode/2019/day08.go:133.3,133.56 1 0
github.com/abates/AdventOfCode/2019/day08.go:126.36,127.24 1 0
github.com/abates/AdventOfCode/2019/day08.go:127.24,130.5 2 0
github.com/abates/AdventOfCode/2019/day08.go:138.50,141.35 3 1
github.com/abates/AdventOfCode/2019/day08.go:145.2,147.16 3 1
github.com/abates/AdventOfCode/2019/day08.go:150.2,150.20 1 1
github.com/abates/AdventOfCode/2019/day08.go:141.35,144.3 2 1
github.com/abates/AdventOfCode/2019/day08.go:147.16,149.3 1 1
