mode: set
github.com/abates/AdventOfCode/2019/day05.go:7.13,10.2 2 1
github.com/abates/AdventOfCode/2019/day05.go:16.53,19.2 2 0
github.com/abates/AdventOfCode/2019/day05.go:21.49,25.2 3 0
github.com/abates/AdventOfCode/2019/day05.go:27.39,29.2 1 0
github.com/abates/AdventOfCode/2019/day05.go:31.39,33.2 1 0
github.com/abates/AdventOfCode/2019/day06.go:8.13,11.2 2 1
github.com/abates/AdventOfCode/2019/day06.go:19.45,21.30 2 1
github.com/abates/AdventOfCode/2019/day06.go:24.2,24.14 1 1
github.com/abates/AdventOfCode/2019/day06.go:21.30,23.3 1 1
github.com/abates/AdventOfCode/2019/day06.go:27.48,29.45 2 1
github.com/abates/AdventOfCode/2019/day06.go:32.2,32.14 1 1
github.com/abates/AdventOfCode/2019/day06.go:29.45,31.3 1 1
github.com/abates/AdventOfCode/2019/day06.go:35.52,38.23 3 1
github.com/abates/AdventOfCode/2019/day06.go:45.2,45.11 1 0
github.com/abates/AdventOfCode/2019/day06.go:38.23,39.24 1 1
github.com/abates/AdventOfCode/2019/day06.go:39.24,40.14 1 1
github.com/abates/AdventOfCode/2019/day06.go:40.14,42.5 1 1
github.com/abates/AdventOfCode/2019/day06.go:53.40,54.24 1 1
github.com/abates/AdventOfCode/2019/day06.go:60.2,63.12 3 1
github.com/abates/AdventOfCode/2019/day06.go:68.2,69.12 2 1
github.com/abates/AdventOfCode/2019/day06.go:73.2,75.12 3 1
github.com/abates/AdventOfCode/2019/day06.go:54.24,58.3 3 1
github.com/abates/AdventOfCode/2019/day06.go:63.12,66.3 2 0
github.com/abates/AdventOfCode/2019/day06.go:69.12,72.3 2 1
github.com/abates/AdventOfCode/2019/day06.go:78.39,81.2 2 1
github.com/abates/AdventOfCode/2019/day06.go:83.39,86.2 2 1
github.com/abates/AdventOfCode/2019/day10.go:12.13,15.2 2 1
github.com/abates/AdventOfCode/2019/day10.go:22.40,27.2 3 1
github.com/abates/AdventOfCode/2019/day10.go:31.35,31.52 1 1
github.com/abates/AdventOfCode/2019/day10.go:32.35,32.62 1 1
github.com/abates/AdventOfCode/2019/day10.go:34.66,35.32 1 1
github.com/abates/AdventOfCode/2019/day10.go:35.32,37.3 1 1
github.com/abates/AdventOfCode/2019/day10.go:40.77,43.27 3 1
github.com/abates/AdventOfCode/2019/day10.go:50.2,51.8 2 1
github.com/abates/AdventOfCode/2019/day10.go:43.27,45.28 2 1
github.com/abates/AdventOfCode/2019/day10.go:45.28,48.4 2 1
github.com/abates/AdventOfCode/2019/day10.go:54.68,56.23 2 1
github.com/abates/AdventOfCode/2019/day10.go:76.2,77.26 2 1
github.com/abates/AdventOfCode/2019/day10.go:80.2,80.16 1 1
github.com/abates/AdventOfCode/2019/day10.go:56.23,57.15 1 1
github.com/abates/AdventOfCode/2019/day10.go:61.3,63.34 3 1
github.com/abates/AdventOfCode/2019/day10.go:57.15,58.12 1 1
github.com/abates/AdventOfCode/2019/day10.go:63.34,64.26 1 1
github.com/abates/AdventOfCode/2019/day10.go:64.26,66.13 1 1
github.com/abates/AdventOfCode/2019/day10.go:67.10,70.5 1 1
github.com/abates/AdventOfCode/2019/day10.go:71.9,73.4 1 1
github.com/abates/AdventOfCode/2019/day10.go:77.26,79.3 1 1
github.com/abates/AdventOfCode/2019/day10.go:88.42,90.46 2 1
github.com/abates/AdventOfCode/2019/day10.go:98.2,99.12 2 1
github.com/abates/AdventOfCode/2019/day10.go:90.46,92.15 2 1
github.com/abates/AdventOfCode/2019/day10.go:92.15,94.4 1 1
github.com/abates/AdventOfCode/2019/day10.go:94.9,94.22 1 1
github.com/abates/AdventOfCode/2019/day10.go:94.22,96.4 1 0
github.com/abates/AdventOfCode/2019/day10.go:102.41,105.2 2 1
github.com/abates/AdventOfCode/2019/day10.go:107.41,111.34 3 1
github.com/abates/AdventOfCode/2019/day10.go:115.2,115.39 1 1
github.com/abates/AdventOfCode/2019/day10.go:131.2,131.52 1 0
github.com/abates/AdventOfCode/2019/day10.go:111.34,113.3 1 1
github.com/abates/AdventOfCode/2019/day10.go:115.39,117.24 2 1
github.com/abates/AdventOfCode/2019/day10.go:120.3,122.29 3 1
github.com/abates/AdventOfCode/2019/day10.go:117.24,119.4 1 1
github.com/abates/AdventOfCode/2019/day10.go:122.29,125.16 3 1
github.com/abates/AdventOfCode/2019/day10.go:125.16,127.5 1 1
github.com/abates/AdventOfCode/2019/day13.go:3.13,6.2 2 1
github.com/abates/AdventOfCode/2019/day13.go:11.49,13.2 1 0
github.com/abates/AdventOfCode/2019/day13.go:15.42,17.2 1 0
github.com/abates/AdventOfCode/2019/day13.go:19.41,21.2 1 0
github.com/abates/AdventOfCode/2019/day13.go:23.41,25.2 1 0
github.com/abates/AdventOfCode/2019/day02.go:8.13,11.2 2 1
github.com/abates/AdventOfCode/2019/day02.go:17.53,20.2 2 1
github.com/abates/AdventOfCode/2019/day02.go:22.39,28.16 6 0
github.com/abates/AdventOfCode/2019/day02.go:31.2,31.20 1 0
github.com/abates/AdventOfCode/2019/day02.go:28.16,30.3 1 0
github.com/abates/AdventOfCode/2019/day02.go:34.39,35.27 1 0
github.com/abates/AdventOfCode/2019/day02.go:50.2,50.50 1 0
github.com/abates/AdventOfCode/2019/day02.go:35.27,36.28 1 0
github.com/abates/AdventOfCode/2019/day02.go:36.28,41.18 5 0
github.com/abates/AdventOfCode/2019/day02.go:45.4,45.62 1 0
github.com/abates/AdventOfCode/2019/day02.go:41.18,43.5 1 0
github.com/abates/AdventOfCode/2019/day02.go:45.62,47.5 1 0
github.com/abates/AdventOfCode/2019/day11.go:13.13,16.2 2 1
github.com/abates/AdventOfCode/2019/day11.go:27.62,28.16 1 0
github.com/abates/AdventOfCode/2019/day11.go:41.2,41.23 1 0
github.com/abates/AdventOfCode/2019/day11.go:28.16,30.13 2 0
github.com/abates/AdventOfCode/2019/day11.go:30.13,32.4 1 0
github.com/abates/AdventOfCode/2019/day11.go:33.8,33.23 1 0
github.com/abates/AdventOfCode/2019/day11.go:33.23,35.13 2 0
github.com/abates/AdventOfCode/2019/day11.go:35.13,37.4 1 0
github.com/abates/AdventOfCode/2019/day11.go:38.8,39.50 1 0
github.com/abates/AdventOfCode/2019/day11.go:56.48,58.16 2 0
github.com/abates/AdventOfCode/2019/day11.go:61.2,62.17 2 0
github.com/abates/AdventOfCode/2019/day11.go:58.16,60.3 1 0
github.com/abates/AdventOfCode/2019/day11.go:65.47,66.16 1 0
github.com/abates/AdventOfCode/2019/day11.go:70.2,70.16 1 0
github.com/abates/AdventOfCode/2019/day11.go:74.2,74.16 1 0
github.com/abates/AdventOfCode/2019/day11.go:78.2,78.16 1 0
github.com/abates/AdventOfCode/2019/day11.go:82.2,83.16 2 0
github.com/abates/AdventOfCode/2019/day11.go:87.2,87.16 1 0
github.com/abates/AdventOfCode/2019/day11.go:66.16,68.3 1 0
github.com/abates/AdventOfCode/2019/day11.go:70.16,72.3 1 0
github.com/abates/AdventOfCode/2019/day11.go:74.16,76.3 1 0
github.com/abates/AdventOfCode/2019/day11.go:78.16,80.3 1 0
github.com/abates/AdventOfCode/2019/day11.go:83.16,86.3 2 0
github.com/abates/AdventOfCode/2019/day11.go:90.31,92.36 2 0
github.com/abates/AdventOfCode/2019/day11.go:102.2,102.25 1 0
github.com/abates/AdventOfCode/2019/day11.go:92.36,93.37 1 0
github.com/abates/AdventOfCode/2019/day11.go:100.3,100.28 1 0
github.com/abates/AdventOfCode/2019/day11.go:93.37,94.30 1 0
github.com/abates/AdventOfCode/2019/day11.go:94.30,96.5 1 0
github.com/abates/AdventOfCode/2019/day11.go:96.10,98.5 1 0
github.com/abates/AdventOfCode/2019/day11.go:105.35,115.12 10 0
github.com/abates/AdventOfCode/2019/day11.go:122.2,126.17 4 0
github.com/abates/AdventOfCode/2019/day11.go:154.2,154.11 1 0
github.com/abates/AdventOfCode/2019/day11.go:115.12,120.3 4 0
github.com/abates/AdventOfCode/2019/day11.go:126.17,127.51 1 0
github.com/abates/AdventOfCode/2019/day11.go:133.3,134.17 2 0
github.com/abates/AdventOfCode/2019/day11.go:127.51,129.4 1 0
github.com/abates/AdventOfCode/2019/day11.go:129.9,131.4 1 0
github.com/abates/AdventOfCode/2019/day11.go:134.17,135.61 1 0
github.com/abates/AdventOfCode/2019/day11.go:139.4,139.27 1 0
github.com/abates/AdventOfCode/2019/day11.go:147.4,148.18 2 0
github.com/abates/AdventOfCode/2019/day11.go:135.61,137.5 1 0
github.com/abates/AdventOfCode/2019/day11.go:139.27,141.5 1 0
github.com/abates/AdventOfCode/2019/day11.go:141.10,141.34 1 0
github.com/abates/AdventOfCode/2019/day11.go:141.34,143.5 1 0
github.com/abates/AdventOfCode/2019/day11.go:143.10,144.62 1 0
github.com/abates/AdventOfCode/2019/day11.go:148.18,151.5 2 0
github.com/abates/AdventOfCode/2019/day11.go:161.55,164.2 2 0
github.com/abates/AdventOfCode/2019/day11.go:166.41,170.2 3 0
github.com/abates/AdventOfCode/2019/day11.go:172.41,176.2 3 0
github.com/abates/AdventOfCode/2019/day12.go:7.13,10.2 2 1
github.com/abates/AdventOfCode/2019/day12.go:18.33,20.2 1 1
github.com/abates/AdventOfCode/2019/day12.go:22.40,24.2 1 0
github.com/abates/AdventOfCode/2019/day12.go:26.33,30.2 3 1
github.com/abates/AdventOfCode/2019/day12.go:32.21,33.11 1 1
github.com/abates/AdventOfCode/2019/day12.go:36.2,36.10 1 1
github.com/abates/AdventOfCode/2019/day12.go:33.11,35.3 1 1
github.com/abates/AdventOfCode/2019/day12.go:39.29,43.2 3 1
github.com/abates/AdventOfCode/2019/day12.go:45.35,46.25 1 1
github.com/abates/AdventOfCode/2019/day12.go:46.25,47.38 1 1
github.com/abates/AdventOfCode/2019/day12.go:47.38,50.4 2 1
github.com/abates/AdventOfCode/2019/day12.go:50.9,50.45 1 1
github.com/abates/AdventOfCode/2019/day12.go:50.45,53.4 2 1
github.com/abates/AdventOfCode/2019/day12.go:57.32,59.2 1 0
github.com/abates/AdventOfCode/2019/day12.go:63.33,64.26 1 1
github.com/abates/AdventOfCode/2019/day12.go:64.26,67.3 2 1
github.com/abates/AdventOfCode/2019/day12.go:70.32,71.24 1 1
github.com/abates/AdventOfCode/2019/day12.go:77.2,77.24 1 1
github.com/abates/AdventOfCode/2019/day12.go:71.24,72.29 1 1
github.com/abates/AdventOfCode/2019/day12.go:72.29,74.4 1 1
github.com/abates/AdventOfCode/2019/day12.go:77.24,79.3 1 1
github.com/abates/AdventOfCode/2019/day12.go:86.42,89.16 3 1
github.com/abates/AdventOfCode/2019/day12.go:92.2,92.12 1 1
github.com/abates/AdventOfCode/2019/day12.go:89.16,91.3 1 1
github.com/abates/AdventOfCode/2019/day12.go:95.45,97.29 2 1
github.com/abates/AdventOfCode/2019/day12.go:100.2,101.33 2 1
github.com/abates/AdventOfCode/2019/day12.go:104.2,104.48 1 1
github.com/abates/AdventOfCode/2019/day12.go:97.29,99.3 1 1
github.com/abates/AdventOfCode/2019/day12.go:101.33,103.3 1 1
github.com/abates/AdventOfCode/2019/day12.go:107.24,108.12 1 1
github.com/abates/AdventOfCode/2019/day12.go:112.2,112.20 1 1
github.com/abates/AdventOfCode/2019/day12.go:108.12,110.3 1 1
github.com/abates/AdventOfCode/2019/day12.go:115.29,116.21 1 1
github.com/abates/AdventOfCode/2019/day12.go:116.21,118.3 1 1
github.com/abates/AdventOfCode/2019/day12.go:118.8,120.13 2 1
github.com/abates/AdventOfCode/2019/day12.go:123.3,123.40 1 1
github.com/abates/AdventOfCode/2019/day12.go:120.13,122.4 1 0
github.com/abates/AdventOfCode/2019/day12.go:127.37,132.20 5 1
github.com/abates/AdventOfCode/2019/day12.go:159.2,159.63 1 1
github.com/abates/AdventOfCode/2019/day12.go:132.20,135.26 3 1
github.com/abates/AdventOfCode/2019/day12.go:135.26,136.34 1 1
github.com/abates/AdventOfCode/2019/day12.go:140.4,141.35 2 1
github.com/abates/AdventOfCode/2019/day12.go:153.4,153.15 1 1
github.com/abates/AdventOfCode/2019/day12.go:136.34,137.13 1 1
github.com/abates/AdventOfCode/2019/day12.go:141.35,142.42 1 1
github.com/abates/AdventOfCode/2019/day12.go:142.42,143.31 1 1
github.com/abates/AdventOfCode/2019/day12.go:143.31,145.12 2 1
github.com/abates/AdventOfCode/2019/day12.go:147.11,149.11 2 1
github.com/abates/AdventOfCode/2019/day12.go:153.15,156.5 2 1
github.com/abates/AdventOfCode/2019/day12.go:162.41,164.2 1 0
github.com/abates/AdventOfCode/2019/day12.go:166.41,168.2 1 0
github.com/abates/AdventOfCode/2019/day04.go:9.13,12.2 2 1
github.com/abates/AdventOfCode/2019/day04.go:19.53,20.20 1 1
github.com/abates/AdventOfCode/2019/day04.go:23.2,24.17 2 1
github.com/abates/AdventOfCode/2019/day04.go:28.2,29.16 2 1
github.com/abates/AdventOfCode/2019/day04.go:32.2,32.12 1 1
github.com/abates/AdventOfCode/2019/day04.go:20.20,22.3 1 0
github.com/abates/AdventOfCode/2019/day04.go:24.17,26.3 1 0
github.com/abates/AdventOfCode/2019/day04.go:29.16,31.3 1 1
github.com/abates/AdventOfCode/2019/day04.go:35.40,37.29 2 1
github.com/abates/AdventOfCode/2019/day04.go:43.2,43.54 1 1
github.com/abates/AdventOfCode/2019/day04.go:46.2,46.14 1 1
github.com/abates/AdventOfCode/2019/day04.go:37.29,40.3 2 1
github.com/abates/AdventOfCode/2019/day04.go:43.54,45.3 1 1
github.com/abates/AdventOfCode/2019/day04.go:49.42,51.33 2 1
github.com/abates/AdventOfCode/2019/day04.go:57.2,57.13 1 1
github.com/abates/AdventOfCode/2019/day04.go:51.33,52.18 1 1
github.com/abates/AdventOfCode/2019/day04.go:55.3,55.14 1 1
github.com/abates/AdventOfCode/2019/day04.go:52.18,54.4 1 1
github.com/abates/AdventOfCode/2019/day04.go:60.56,64.33 3 1
github.com/abates/AdventOfCode/2019/day04.go:71.2,71.26 1 1
github.com/abates/AdventOfCode/2019/day04.go:82.2,82.14 1 1
github.com/abates/AdventOfCode/2019/day04.go:64.33,65.20 1 1
github.com/abates/AdventOfCode/2019/day04.go:68.3,68.15 1 1
github.com/abates/AdventOfCode/2019/day04.go:65.20,67.4 1 1
github.com/abates/AdventOfCode/2019/day04.go:71.26,72.13 1 1
github.com/abates/AdventOfCode/2019/day04.go:72.13,73.18 1 1
github.com/abates/AdventOfCode/2019/day04.go:73.18,74.15 1 1
github.com/abates/AdventOfCode/2019/day04.go:74.15,76.6 1 1
github.com/abates/AdventOfCode/2019/day04.go:77.10,79.5 1 1
github.com/abates/AdventOfCode/2019/day04.go:85.39,87.36 2 0
github.com/abates/AdventOfCode/2019/day04.go:93.2,93.82 1 0
github.com/abates/AdventOfCode/2019/day04.go:87.36,89.63 2 0
github.com/abates/AdventOfCode/2019/day04.go:89.63,91.4 1 0
github.com/abates/AdventOfCode/2019/day04.go:96.39,98.36 2 0
github.com/abates/AdventOfCode/2019/day04.go:106.2,106.82 1 0
github.com/abates/AdventOfCode/2019/day04.go:98.36,100.31 2 0
github.com/abates/AdventOfCode/2019/day04.go:100.31,101.35 1 0
github.com/abates/AdventOfCode/2019/day04.go:101.35,103.5 1 0
github.com/abates/AdventOfCode/2019/day07.go:10.13,13.2 2 1
github.com/abates/AdventOfCode/2019/day07.go:19.53,22.2 2 1
github.com/abates/AdventOfCode/2019/day07.go:24.55,27.39 3 1
github.com/abates/AdventOfCode/2019/day07.go:44.2,45.15 2 1
github.com/abates/AdventOfCode/2019/day07.go:27.39,29.27 2 1
github.com/abates/AdventOfCode/2019/day07.go:29.27,30.35 1 1
github.com/abates/AdventOfCode/2019/day07.go:33.4,35.16 3 1
github.com/abates/AdventOfCode/2019/day07.go:40.4,40.20 1 1
github.com/abates/AdventOfCode/2019/day07.go:30.35,31.13 1 1
github.com/abates/AdventOfCode/2019/day07.go:35.16,37.5 1 1
github.com/abates/AdventOfCode/2019/day07.go:37.10,39.5 1 1
github.com/abates/AdventOfCode/2019/day07.go:48.65,53.33 4 1
github.com/abates/AdventOfCode/2019/day07.go:67.2,67.14 1 1
github.com/abates/AdventOfCode/2019/day07.go:71.2,71.27 1 1
github.com/abates/AdventOfCode/2019/day07.go:86.2,89.20 4 1
github.com/abates/AdventOfCode/2019/day07.go:53.33,56.13 3 1
github.com/abates/AdventOfCode/2019/day07.go:62.3,64.24 3 1
github.com/abates/AdventOfCode/2019/day07.go:56.13,58.4 1 1
github.com/abates/AdventOfCode/2019/day07.go:58.9,60.4 1 1
github.com/abates/AdventOfCode/2019/day07.go:67.14,69.3 1 1
github.com/abates/AdventOfCode/2019/day07.go:71.27,72.22 1 1
github.com/abates/AdventOfCode/2019/day07.go:75.3,75.33 1 1
github.com/abates/AdventOfCode/2019/day07.go:72.22,74.4 1 1
github.com/abates/AdventOfCode/2019/day07.go:75.33,77.18 2 1
github.com/abates/AdventOfCode/2019/day07.go:80.4,80.23 1 1
github.com/abates/AdventOfCode/2019/day07.go:77.18,78.23 1 0
github.com/abates/AdventOfCode/2019/day07.go:80.23,82.5 1 1
github.com/abates/AdventOfCode/2019/day07.go:92.65,96.24 4 1
github.com/abates/AdventOfCode/2019/day07.go:105.2,105.57 1 1
github.com/abates/AdventOfCode/2019/day07.go:96.24,98.17 2 1
github.com/abates/AdventOfCode/2019/day07.go:101.3,101.19 1 1
github.com/abates/AdventOfCode/2019/day07.go:98.17,99.22 1 0
github.com/abates/AdventOfCode/2019/day07.go:101.19,103.4 1 1
github.com/abates/AdventOfCode/2019/day07.go:108.39,110.2 1 1
github.com/abates/AdventOfCode/2019/day07.go:112.39,114.2 1 1
github.com/abates/AdventOfCode/2019/day08.go:9.13,12.2 2 1
github.com/abates/AdventOfCode/2019/day08.go:21.45,22.27 1 1
github.com/abates/AdventOfCode/2019/day08.go:25.2,26.26 2 1
github.com/abates/AdventOfCode/2019/day08.go:30.2,31.12 2 1
github.com/abates/AdventOfCode/2019/day08.go:22.27,24.3 1 0
github.com/abates/AdventOfCode/2019/day08.go:26.26,29.3 2 1
github.com/abates/AdventOfCode/2019/day08.go:34.48,36.43 2 1
github.com/abates/AdventOfCode/2019/day08.go:43.2,43.28 1 1
github.com/abates/AdventOfCode/2019/day08.go:46.2,46.12 1 1
github.com/abates/AdventOfCode/2019/day08.go:36.43,38.17 2 1
github.com/abates/AdventOfCode/2019/day08.go:38.17,39.9 1 0
github.com/abates/AdventOfCode/2019/day08.go:43.28,45.3 1 0
github.com/abates/AdventOfCode/2019/day08.go:49.36,51.2 1 0
github.com/abates/AdventOfCode/2019/day08.go:59.50,60.60 1 1
github.com/abates/AdventOfCode/2019/day08.go:69.2,69.12 1 1
github.com/abates/AdventOfCode/2019/day08.go:60.60,63.17 3 1
github.com/abates/AdventOfCode/2019/day08.go:66.3,66.41 1 1
github.com/abates/AdventOfCode/2019/day08.go:63.17,64.9 1 0
github.com/abates/AdventOfCode/2019/day08.go:72.35,74.40 2 1
github.com/abates/AdventOfCode/2019/day08.go:89.2,89.25 1 1
github.com/abates/AdventOfCode/2019/day08.go:74.40,75.40 1 1
github.com/abates/AdventOfCode/2019/day08.go:87.3,87.28 1 1
github.com/abates/AdventOfCode/2019/day08.go:75.40,76.33 1 1
github.com/abates/AdventOfCode/2019/day08.go:76.33,77.30 1 1
github.com/abates/AdventOfCode/2019/day08.go:77.30,78.31 1 1
github.com/abates/AdventOfCode/2019/day08.go:83.6,83.11 1 1
github.com/abates/AdventOfCode/2019/day08.go:78.31,80.7 1 1
github.com/abates/AdventOfCode/2019/day08.go:80.12,82.7 1 1
github.com/abates/AdventOfCode/2019/day08.go:98.46,99.24 1 1
github.com/abates/AdventOfCode/2019/day08.go:111.2,111.12 1 1
github.com/abates/AdventOfCode/2019/day08.go:99.24,100.49 1 1
github.com/abates/AdventOfCode/2019/day08.go:100.49,102.18 2 1
github.com/abates/AdventOfCode/2019/day08.go:102.18,104.5 1 1
github.com/abates/AdventOfCode/2019/day08.go:104.10,106.5 1 0
github.com/abates/AdventOfCode/2019/day08.go:108.8,110.3 1 0
github.com/abates/AdventOfCode/2019/day08.go:114.50,117.35 3 0
github.com/abates/AdventOfCode/2019/day08.go:121.2,123.16 3 0
github.com/abates/AdventOfCode/2019/day08.go:135.2,135.20 1 0
github.com/abates/AdventOfCode/2019/day08.go:117.35,120.3 2 0
github.com/abates/AdventOfCode/2019/day08.go:123.16,126.36 3 0
github.com/abates/AdventOfCode/2019/day08.go:133.3,133.56 1 0
github.com/abates/AdventOfCode/2019/day08.go:126.36,127.24 1 0
github.com/abates/AdventOfCode/2019/day08.go:127.24,130.5 2 0
github.com/abates/AdventOfCode/2019/day08.go:138.50,141.35 3 1
github.com/abates/AdventOfCode/2019/day08.go:145.2,147.16 3 1
github.com/abates/AdventOfCode/2019/day08.go:150.2,150.20 1 1
github.com/abates/AdventOfCode/2019/day08.go:141.35,144.3 2 1
github.com/abates/AdventOfCode/2019/day08.go:147.16,149.3 1 1
github.com/abates/AdventOfCode/2019/day09.go:3.13,6.2 2 1
github.com/abates/AdventOfCode/2019/day09.go:12.53,15.2 2 0
github.com/abates/AdventOfCode/2019/day09.go:17.39,19.2 1 0
github.com/abates/AdventOfCode/2019/day09.go:21.39,23.2 1 0
github.com/abates/AdventOfCode/2019/day03.go:11.13,14.2 2 1
github.com/abates/AdventOfCode/2019/day03.go:24.54,26.37 2 1
github.com/abates/AdventOfCode/2019/day03.go:33.2,33.17 1 1
github.com/abates/AdventOfCode/2019/day03.go:26.37,27.24 1 1
github.com/abates/AdventOfCode/2019/day03.go:31.3,31.76 1 1
github.com/abates/AdventOfCode/2019/day03.go:27.24,29.9 2 1
github.com/abates/AdventOfCode/2019/day03.go:36.67,38.32 2 1
github.com/abates/AdventOfCode/2019/day03.go:47.2,47.22 1 1
github.com/abates/AdventOfCode/2019/day03.go:38.32,39.37 1 1
github.com/abates/AdventOfCode/2019/day03.go:39.37,40.46 1 1
github.com/abates/AdventOfCode/2019/day03.go:40.46,41.39 1 1
github.com/abates/AdventOfCode/2019/day03.go:41.39,43.6 1 1
github.com/abates/AdventOfCode/2019/day03.go:50.40,51.44 1 1
github.com/abates/AdventOfCode/2019/day03.go:55.2,55.37 1 1
github.com/abates/AdventOfCode/2019/day03.go:60.2,60.13 1 1
github.com/abates/AdventOfCode/2019/day03.go:51.44,53.3 1 0
github.com/abates/AdventOfCode/2019/day03.go:55.37,56.53 1 1
github.com/abates/AdventOfCode/2019/day03.go:56.53,58.4 1 0
github.com/abates/AdventOfCode/2019/day03.go:67.40,71.48 4 1
github.com/abates/AdventOfCode/2019/day03.go:93.2,94.12 2 1
github.com/abates/AdventOfCode/2019/day03.go:71.48,74.17 3 1
github.com/abates/AdventOfCode/2019/day03.go:74.17,75.15 1 1
github.com/abates/AdventOfCode/2019/day03.go:87.4,88.15 2 1
github.com/abates/AdventOfCode/2019/day03.go:76.13,77.55 1 1
github.com/abates/AdventOfCode/2019/day03.go:78.13,79.56 1 1
github.com/abates/AdventOfCode/2019/day03.go:80.13,81.56 1 1
github.com/abates/AdventOfCode/2019/day03.go:82.13,83.55 1 1
github.com/abates/AdventOfCode/2019/day03.go:84.12,85.51 1 0
github.com/abates/AdventOfCode/2019/day03.go:89.9,91.4 1 0
github.com/abates/AdventOfCode/2019/day03.go:97.81,99.30 2 1
github.com/abates/AdventOfCode/2019/day03.go:114.2,114.8 1 1
github.com/abates/AdventOfCode/2019/day03.go:99.30,100.31 1 1
github.com/abates/AdventOfCode/2019/day03.go:100.31,101.16 1 1
github.com/abates/AdventOfCode/2019/day03.go:105.4,105.43 1 1
github.com/abates/AdventOfCode/2019/day03.go:101.16,102.13 1 1
github.com/abates/AdventOfCode/2019/day03.go:105.43,107.33 2 1
github.com/abates/AdventOfCode/2019/day03.go:107.33,110.6 2 1
github.com/abates/AdventOfCode/2019/day03.go:117.39,120.2 2 1
github.com/abates/AdventOfCode/2019/day03.go:122.39,124.30 2 1
github.com/abates/AdventOfCode/2019/day03.go:138.2,138.81 1 1
github.com/abates/AdventOfCode/2019/day03.go:124.30,125.31 1 1
github.com/abates/AdventOfCode/2019/day03.go:125.31,126.16 1 1
github.com/abates/AdventOfCode/2019/day03.go:130.4,130.43 1 1
github.com/abates/AdventOfCode/2019/day03.go:126.16,127.13 1 1
github.com/abates/AdventOfCode/2019/day03.go:130.43,132.37 2 1
github.com/abates/AdventOfCode/2019/day03.go:132.37,134.6 1 1
github.com/abates/AdventOfCode/2019/day01.go:8.13,11.2 2 1
github.com/abates/AdventOfCode/2019/day01.go:14.24,16.2 1 1
github.com/abates/AdventOfCode/2019/day01.go:22.40,24.16 2 1
github.com/abates/AdventOfCode/2019/day01.go:27.2,27.12 1 1
github.com/abates/AdventOfCode/2019/day01.go:24.16,26.3 1 1
github.com/abates/AdventOfCode/2019/day01.go:30.39,32.36 2 1
github.com/abates/AdventOfCode/2019/day01.go:35.2,35.64 1 1
github.com/abates/AdventOfCode/2019/day01.go:32.36,34.3 1 1
github.com/abates/AdventOfCode/2019/day01.go:38.29,40.13 2 1
github.com/abates/AdventOfCode/2019/day01.go:45.2,45.12 1 1
github.com/abates/AdventOfCode/2019/day01.go:40.13,42.3 1 1
github.com/abates/AdventOfCode/2019/day01.go:42.8,44.3 1 1
github.com/abates/AdventOfCode/2019/day01.go:48.39,50.36 2 1
github.com/abates/AdventOfCode/2019/day01.go:53.2,53.64 1 1
github.com/abates/AdventOfCode/2019/day01.go:50.36,52.3 1 1
github.com/abates/AdventOfCode/2019/main.go:34.66,36.51 2 1
github.com/abates/AdventOfCode/2019/main.go:51.2,51.12 1 1
github.com/abates/AdventOfCode/2019/main.go:36.51,37.30 1 1
github.com/abates/AdventOfCode/2019/main.go:37.30,38.18 1 1
github.com/abates/AdventOfCode/2019/main.go:41.4,42.18 2 1
github.com/abates/AdventOfCode/2019/main.go:38.18,39.13 1 1
github.com/abates/AdventOfCode/2019/main.go:42.18,43.10 1 0
github.com/abates/AdventOfCode/2019/main.go:46.8,46.58 1 1
github.com/abates/AdventOfCode/2019/main.go:46.58,48.3 1 1
github.com/abates/AdventOfCode/2019/main.go:48.8,50.3 1 0
github.com/abates/AdventOfCode/2019/main.go:54.83,56.16 2 1
github.com/abates/AdventOfCode/2019/main.go:60.2,60.16 1 1
github.com/abates/AdventOfCode/2019/main.go:76.2,76.12 1 1
github.com/abates/AdventOfCode/2019/main.go:56.16,58.3 1 1
github.com/abates/AdventOfCode/2019/main.go:60.16,62.24 2 1
github.com/abates/AdventOfCode/2019/main.go:67.3,67.17 1 1
github.com/abates/AdventOfCode/2019/main.go:62.24,65.4 2 1
github.com/abates/AdventOfCode/2019/main.go:67.17,68.22 1 1
github.com/abates/AdventOfCode/2019/main.go:68.22,70.19 2 1
github.com/abates/AdventOfCode/2019/main.go:70.19,72.6 1 1
github.com/abates/AdventOfCode/2019/main.go:79.37,80.15 1 0
github.com/abates/AdventOfCode/2019/main.go:83.2,85.13 3 0
github.com/abates/AdventOfCode/2019/main.go:80.15,82.3 1 0
github.com/abates/AdventOfCode/2019/main.go:88.27,90.12 2 0
github.com/abates/AdventOfCode/2019/main.go:94.2,95.16 2 0
github.com/abates/AdventOfCode/2019/main.go:100.2,100.52 1 0
github.com/abates/AdventOfCode/2019/main.go:90.12,92.3 1 0
github.com/abates/AdventOfCode/2019/main.go:95.16,98.3 2 0
github.com/abates/AdventOfCode/2019/main.go:103.13,105.22 2 0
github.com/abates/AdventOfCode/2019/main.go:115.2,116.28 2 0
github.com/abates/AdventOfCode/2019/main.go:119.2,120.27 2 0
github.com/abates/AdventOfCode/2019/main.go:127.2,127.16 1 0
github.com/abates/AdventOfCode/2019/main.go:105.22,107.17 2 0
github.com/abates/AdventOfCode/2019/main.go:107.17,110.4 2 0
github.com/abates/AdventOfCode/2019/main.go:110.9,112.4 1 0
github.com/abates/AdventOfCode/2019/main.go:116.28,118.3 1 0
github.com/abates/AdventOfCode/2019/main.go:120.27,122.17 2 0
github.com/abates/AdventOfCode/2019/main.go:122.17,123.9 1 0
github.com/abates/AdventOfCode/2019/main.go:127.16,130.3 2 0
github.com/abates/AdventOfCode/2019/computer.go:15.30,17.2 1 1
github.com/abates/AdventOfCode/2019/computer.go:43.42,45.2 1 0
github.com/abates/AdventOfCode/2019/computer.go:47.42,49.2 1 1
github.com/abates/AdventOfCode/2019/computer.go:51.45,52.13 1 1
github.com/abates/AdventOfCode/2019/computer.go:55.2,55.24 1 1
github.com/abates/AdventOfCode/2019/computer.go:52.13,53.56 1 0
github.com/abates/AdventOfCode/2019/computer.go:58.59,62.57 4 1
github.com/abates/AdventOfCode/2019/computer.go:66.2,66.12 1 1
github.com/abates/AdventOfCode/2019/computer.go:62.57,65.3 2 1
github.com/abates/AdventOfCode/2019/computer.go:69.58,70.20 1 1
github.com/abates/AdventOfCode/2019/computer.go:74.2,75.54 2 1
github.com/abates/AdventOfCode/2019/computer.go:83.2,83.17 1 1
github.com/abates/AdventOfCode/2019/computer.go:70.20,72.3 1 0
github.com/abates/AdventOfCode/2019/computer.go:75.54,78.15 3 1
github.com/abates/AdventOfCode/2019/computer.go:81.3,81.23 1 1
github.com/abates/AdventOfCode/2019/computer.go:78.15,80.4 1 0
github.com/abates/AdventOfCode/2019/computer.go:94.40,103.2 3 1
github.com/abates/AdventOfCode/2019/computer.go:105.42,107.2 1 1
github.com/abates/AdventOfCode/2019/computer.go:109.51,113.2 3 1
github.com/abates/AdventOfCode/2019/computer.go:115.43,117.2 1 1
github.com/abates/AdventOfCode/2019/computer.go:119.35,121.2 1 1
github.com/abates/AdventOfCode/2019/computer.go:123.54,124.26 1 1
github.com/abates/AdventOfCode/2019/computer.go:130.2,130.29 1 1
github.com/abates/AdventOfCode/2019/computer.go:133.2,133.20 1 1
github.com/abates/AdventOfCode/2019/computer.go:124.26,126.3 1 1
github.com/abates/AdventOfCode/2019/computer.go:126.8,126.33 1 1
github.com/abates/AdventOfCode/2019/computer.go:126.33,128.3 1 1
github.com/abates/AdventOfCode/2019/computer.go:130.29,132.3 1 1
github.com/abates/AdventOfCode/2019/computer.go:136.61,137.26 1 1
github.com/abates/AdventOfCode/2019/computer.go:143.2,143.29 1 1
github.com/abates/AdventOfCode/2019/computer.go:146.2,146.21 1 1
github.com/abates/AdventOfCode/2019/computer.go:137.26,139.3 1 1
github.com/abates/AdventOfCode/2019/computer.go:139.8,139.33 1 0
github.com/abates/AdventOfCode/2019/computer.go:139.33,141.3 1 0
github.com/abates/AdventOfCode/2019/computer.go:143.29,145.3 1 1
github.com/abates/AdventOfCode/2019/computer.go:149.40,153.2 3 1
github.com/abates/AdventOfCode/2019/computer.go:155.45,159.2 3 1
github.com/abates/AdventOfCode/2019/computer.go:161.74,168.2 6 1
github.com/abates/AdventOfCode/2019/computer.go:170.32,171.30 1 1
github.com/abates/AdventOfCode/2019/computer.go:224.2,224.12 1 0
github.com/abates/AdventOfCode/2019/computer.go:171.30,174.30 3 1
github.com/abates/AdventOfCode/2019/computer.go:178.3,178.24 1 1
github.com/abates/AdventOfCode/2019/computer.go:174.30,176.4 1 1
github.com/abates/AdventOfCode/2019/computer.go:179.12,181.10 2 1
github.com/abates/AdventOfCode/2019/computer.go:182.17,184.10 2 1
github.com/abates/AdventOfCode/2019/computer.go:185.14,187.10 2 1
github.com/abates/AdventOfCode/2019/computer.go:188.15,190.10 2 1
github.com/abates/AdventOfCode/2019/computer.go:191.12,192.65 1 1
github.com/abates/AdventOfCode/2019/computer.go:197.12,198.65 1 1
github.com/abates/AdventOfCode/2019/computer.go:203.11,204.88 1 1
github.com/abates/AdventOfCode/2019/computer.go:209.4,209.10 1 1
github.com/abates/AdventOfCode/2019/computer.go:210.11,211.89 1 1
github.com/abates/AdventOfCode/2019/computer.go:216.4,216.10 1 1
github.com/abates/AdventOfCode/2019/computer.go:217.12,219.10 2 1
github.com/abates/AdventOfCode/2019/computer.go:220.11,221.69 1 0
github.com/abates/AdventOfCode/2019/computer.go:192.65,194.5 1 1
github.com/abates/AdventOfCode/2019/computer.go:194.10,196.5 1 1
github.com/abates/AdventOfCode/2019/computer.go:198.65,200.5 1 1
github.com/abates/AdventOfCode/2019/computer.go:200.10,202.5 1 1
github.com/abates/AdventOfCode/2019/computer.go:204.88,206.5 1 1
github.com/abates/AdventOfCode/2019/computer.go:206.10,208.5 1 1
github.com/abates/AdventOfCode/2019/computer.go:211.89,213.5 1 1
github.com/abates/AdventOfCode/2019/computer.go:213.10,215.5 1 1
github.com/abates/AdventOfCode/2019/computer.go:227.34,229.26 2 1
github.com/abates/AdventOfCode/2019/computer.go:232.2,232.31 1 1
github.com/abates/AdventOfCode/2019/computer.go:229.26,231.3 1 1
