mode: set
github.com/abates/AdventOfCode/graph/spf.go:5.48,7.37 2 1
github.com/abates/AdventOfCode/graph/spf.go:10.2,10.18 1 1
github.com/abates/AdventOfCode/graph/spf.go:7.37,9.3 1 1
github.com/abates/AdventOfCode/graph/spf.go:13.51,17.37 3 1
github.com/abates/AdventOfCode/graph/spf.go:21.2,22.17 2 1
github.com/abates/AdventOfCode/graph/spf.go:51.2,51.18 1 1
github.com/abates/AdventOfCode/graph/spf.go:17.37,19.3 1 1
github.com/abates/AdventOfCode/graph/spf.go:22.17,25.27 3 1
github.com/abates/AdventOfCode/graph/spf.go:41.3,43.37 2 1
github.com/abates/AdventOfCode/graph/spf.go:25.27,26.19 1 1
github.com/abates/AdventOfCode/graph/spf.go:26.19,28.5 1 1
github.com/abates/AdventOfCode/graph/spf.go:28.10,29.42 1 1
github.com/abates/AdventOfCode/graph/spf.go:29.42,30.45 1 1
github.com/abates/AdventOfCode/graph/spf.go:30.45,31.18 1 1
github.com/abates/AdventOfCode/graph/spf.go:31.18,33.8 1 1
github.com/abates/AdventOfCode/graph/spf.go:34.12,36.7 1 1
github.com/abates/AdventOfCode/graph/spf.go:43.37,45.65 2 1
github.com/abates/AdventOfCode/graph/spf.go:45.65,47.5 1 1
github.com/abates/AdventOfCode/graph/basic.go:8.37,10.2 1 1
github.com/abates/AdventOfCode/graph/basic.go:12.34,14.2 1 1
github.com/abates/AdventOfCode/graph/basic.go:16.57,18.2 1 0
github.com/abates/AdventOfCode/graph/basic.go:25.40,27.2 1 1
github.com/abates/AdventOfCode/graph/basic.go:29.36,31.2 1 1
github.com/abates/AdventOfCode/graph/basic.go:37.34,39.2 1 1
github.com/abates/AdventOfCode/graph/basic.go:41.52,43.2 1 0
github.com/abates/AdventOfCode/graph/basic.go:45.67,47.12 2 1
github.com/abates/AdventOfCode/graph/basic.go:54.2,55.12 2 1
github.com/abates/AdventOfCode/graph/basic.go:59.2,59.42 1 1
github.com/abates/AdventOfCode/graph/basic.go:47.12,49.21 2 1
github.com/abates/AdventOfCode/graph/basic.go:52.3,52.23 1 1
github.com/abates/AdventOfCode/graph/basic.go:49.21,51.4 1 0
github.com/abates/AdventOfCode/graph/basic.go:55.12,58.3 2 1
github.com/abates/AdventOfCode/graph/basic.go:62.37,65.31 3 1
github.com/abates/AdventOfCode/graph/basic.go:69.2,69.14 1 1
github.com/abates/AdventOfCode/graph/basic.go:65.31,68.3 2 1
