mode: set
github.com/abates/AdventOfCode/util/coordinate.go:7.48,10.2 2 1
github.com/abates/AdventOfCode/util/coordinate.go:17.38,19.2 1 1
github.com/abates/AdventOfCode/util/coordinate.go:21.75,26.2 4 1
github.com/abates/AdventOfCode/util/coordinate.go:28.84,33.2 4 1
github.com/abates/AdventOfCode/util/coordinate.go:35.52,37.2 1 1
github.com/abates/AdventOfCode/util/coordinate.go:41.61,43.39 2 1
github.com/abates/AdventOfCode/util/coordinate.go:43.39,46.3 2 1
github.com/abates/AdventOfCode/util/list.go:15.43,17.2 1 1
github.com/abates/AdventOfCode/util/list.go:19.40,21.2 1 1
github.com/abates/AdventOfCode/util/list.go:23.46,25.26 2 1
github.com/abates/AdventOfCode/util/list.go:28.2,28.22 1 1
github.com/abates/AdventOfCode/util/list.go:25.26,27.3 1 1
github.com/abates/AdventOfCode/util/list.go:31.40,38.2 1 1
github.com/abates/AdventOfCode/util/list.go:40.40,42.30 2 1
github.com/abates/AdventOfCode/util/list.go:45.2,46.10 2 1
github.com/abates/AdventOfCode/util/list.go:42.30,44.3 1 1
github.com/abates/AdventOfCode/util/math.go:3.25,4.15 1 1
github.com/abates/AdventOfCode/util/math.go:7.2,7.14 1 1
github.com/abates/AdventOfCode/util/math.go:4.15,6.3 1 1
github.com/abates/AdventOfCode/util/math.go:10.29,11.22 1 1
github.com/abates/AdventOfCode/util/math.go:15.2,16.35 2 1
github.com/abates/AdventOfCode/util/math.go:21.2,21.12 1 1
github.com/abates/AdventOfCode/util/math.go:11.22,13.3 1 1
github.com/abates/AdventOfCode/util/math.go:16.35,17.18 1 1
github.com/abates/AdventOfCode/util/math.go:17.18,19.4 1 1
github.com/abates/AdventOfCode/util/math.go:24.29,25.22 1 1
github.com/abates/AdventOfCode/util/math.go:29.2,30.35 2 1
github.com/abates/AdventOfCode/util/math.go:35.2,35.12 1 1
github.com/abates/AdventOfCode/util/math.go:25.22,27.3 1 1
github.com/abates/AdventOfCode/util/math.go:30.35,31.18 1 1
github.com/abates/AdventOfCode/util/math.go:31.18,33.4 1 1
github.com/abates/AdventOfCode/util/math.go:38.32,40.27 2 1
github.com/abates/AdventOfCode/util/math.go:43.2,43.12 1 1
github.com/abates/AdventOfCode/util/math.go:40.27,42.3 1 1
github.com/abates/AdventOfCode/util/math.go:46.42,48.27 2 1
github.com/abates/AdventOfCode/util/math.go:51.2,51.12 1 1
github.com/abates/AdventOfCode/util/math.go:48.27,50.3 1 1
