mode: set
github.com/abates/AdventOfCode/2018/09/part1/main.go:17.26,21.2 1 0
github.com/abates/AdventOfCode/2018/09/part1/main.go:23.25,24.15 1 0
github.com/abates/AdventOfCode/2018/09/part1/main.go:27.2,27.14 1 0
github.com/abates/AdventOfCode/2018/09/part1/main.go:24.15,26.3 1 0
github.com/abates/AdventOfCode/2018/09/part1/main.go:30.46,31.25 1 1
github.com/abates/AdventOfCode/2018/09/part1/main.go:35.2,39.32 4 1
github.com/abates/AdventOfCode/2018/09/part1/main.go:44.2,44.17 1 1
github.com/abates/AdventOfCode/2018/09/part1/main.go:31.25,33.3 1 1
github.com/abates/AdventOfCode/2018/09/part1/main.go:39.32,41.3 1 1
github.com/abates/AdventOfCode/2018/09/part1/main.go:41.8,41.25 1 1
github.com/abates/AdventOfCode/2018/09/part1/main.go:41.25,43.3 1 1
github.com/abates/AdventOfCode/2018/09/part1/main.go:48.41,50.35 2 1
github.com/abates/AdventOfCode/2018/09/part1/main.go:67.2,67.14 1 1
github.com/abates/AdventOfCode/2018/09/part1/main.go:50.35,57.3 6 1
github.com/abates/AdventOfCode/2018/09/part1/main.go:57.8,58.49 1 1
github.com/abates/AdventOfCode/2018/09/part1/main.go:58.49,61.4 2 1
github.com/abates/AdventOfCode/2018/09/part1/main.go:61.9,65.4 3 1
github.com/abates/AdventOfCode/2018/09/part1/main.go:70.35,72.16 2 0
github.com/abates/AdventOfCode/2018/09/part1/main.go:76.2,76.10 1 0
github.com/abates/AdventOfCode/2018/09/part1/main.go:72.16,75.3 2 0
github.com/abates/AdventOfCode/2018/09/part1/main.go:83.43,85.2 1 0
github.com/abates/AdventOfCode/2018/09/part1/main.go:91.39,91.64 1 0
github.com/abates/AdventOfCode/2018/09/part1/main.go:92.39,92.81 1 0
github.com/abates/AdventOfCode/2018/09/part1/main.go:93.34,97.2 3 0
github.com/abates/AdventOfCode/2018/09/part1/main.go:99.13,100.22 1 0
github.com/abates/AdventOfCode/2018/09/part1/main.go:104.2,113.58 6 0
github.com/abates/AdventOfCode/2018/09/part1/main.go:126.2,128.79 2 0
github.com/abates/AdventOfCode/2018/09/part1/main.go:100.22,103.3 2 0
github.com/abates/AdventOfCode/2018/09/part1/main.go:113.58,114.42 1 0
github.com/abates/AdventOfCode/2018/09/part1/main.go:114.42,115.21 1 0
github.com/abates/AdventOfCode/2018/09/part1/main.go:119.4,121.31 3 0
github.com/abates/AdventOfCode/2018/09/part1/main.go:115.21,118.5 2 0
github.com/abates/AdventOfCode/2018/09/part1/main.go:121.31,122.10 1 0
