mode: set
github.com/abates/AdventOfCode/2016/alg/bfs.go:12.32,14.2 1 1
github.com/abates/AdventOfCode/2016/alg/bfs.go:16.36,18.2 1 0
github.com/abates/AdventOfCode/2016/alg/bfs.go:24.31,26.2 1 1
github.com/abates/AdventOfCode/2016/alg/bfs.go:28.36,30.31 2 0
github.com/abates/AdventOfCode/2016/alg/bfs.go:33.2,33.14 1 0
github.com/abates/AdventOfCode/2016/alg/bfs.go:30.31,32.3 1 0
github.com/abates/AdventOfCode/2016/alg/bfs.go:36.45,37.22 1 1
github.com/abates/AdventOfCode/2016/alg/bfs.go:40.2,40.8 1 1
github.com/abates/AdventOfCode/2016/alg/bfs.go:37.22,39.3 1 1
github.com/abates/AdventOfCode/2016/alg/bfs.go:43.46,45.2 1 1
github.com/abates/AdventOfCode/2016/alg/bfs.go:47.46,48.22 1 1
github.com/abates/AdventOfCode/2016/alg/bfs.go:52.2,52.8 1 1
github.com/abates/AdventOfCode/2016/alg/bfs.go:48.22,51.3 2 1
github.com/abates/AdventOfCode/2016/alg/bfs.go:57.53,59.51 2 1
github.com/abates/AdventOfCode/2016/alg/bfs.go:66.2,66.14 1 1
github.com/abates/AdventOfCode/2016/alg/bfs.go:59.51,60.17 1 1
github.com/abates/AdventOfCode/2016/alg/bfs.go:63.3,63.22 1 1
github.com/abates/AdventOfCode/2016/alg/bfs.go:60.17,62.4 1 1
github.com/abates/AdventOfCode/2016/alg/bfs.go:69.32,71.51 2 0
github.com/abates/AdventOfCode/2016/alg/bfs.go:75.2,75.14 1 0
github.com/abates/AdventOfCode/2016/alg/bfs.go:71.51,74.3 2 0
github.com/abates/AdventOfCode/2016/alg/bfs.go:78.51,79.48 1 0
github.com/abates/AdventOfCode/2016/alg/bfs.go:86.2,86.13 1 0
github.com/abates/AdventOfCode/2016/alg/bfs.go:79.48,80.29 1 0
github.com/abates/AdventOfCode/2016/alg/bfs.go:84.3,84.15 1 0
github.com/abates/AdventOfCode/2016/alg/bfs.go:80.29,83.4 2 0
github.com/abates/AdventOfCode/2016/alg/bfs.go:89.45,101.18 6 1
github.com/abates/AdventOfCode/2016/alg/bfs.go:101.18,103.34 2 1
github.com/abates/AdventOfCode/2016/alg/bfs.go:107.3,110.45 3 1
github.com/abates/AdventOfCode/2016/alg/bfs.go:103.34,105.4 1 1
github.com/abates/AdventOfCode/2016/alg/bfs.go:110.45,111.46 1 1
github.com/abates/AdventOfCode/2016/alg/bfs.go:111.46,119.5 5 1
github.com/abates/AdventOfCode/2016/alg/coordinate.go:9.42,11.2 1 1
github.com/abates/AdventOfCode/2016/alg/coordinate.go:13.34,15.2 1 1
github.com/abates/AdventOfCode/2016/alg/coordinate.go:17.41,19.50 2 1
github.com/abates/AdventOfCode/2016/alg/coordinate.go:22.2,22.14 1 1
github.com/abates/AdventOfCode/2016/alg/coordinate.go:19.50,21.3 1 1
github.com/abates/AdventOfCode/2016/alg/coordinate.go:25.52,25.99 1 1
github.com/abates/AdventOfCode/2016/alg/spf.go:13.59,15.2 1 1
github.com/abates/AdventOfCode/2016/alg/spf.go:17.39,19.2 1 1
github.com/abates/AdventOfCode/2016/alg/spf.go:21.34,23.2 1 1
github.com/abates/AdventOfCode/2016/alg/spf.go:35.51,37.2 1 1
github.com/abates/AdventOfCode/2016/alg/spf.go:39.38,41.2 1 1
github.com/abates/AdventOfCode/2016/alg/spf.go:43.45,45.2 1 1
github.com/abates/AdventOfCode/2016/alg/spf.go:47.41,49.2 1 1
github.com/abates/AdventOfCode/2016/alg/spf.go:59.34,61.2 1 1
github.com/abates/AdventOfCode/2016/alg/spf.go:63.46,65.2 1 1
github.com/abates/AdventOfCode/2016/alg/spf.go:67.51,69.2 1 0
github.com/abates/AdventOfCode/2016/alg/spf.go:71.42,74.31 3 1
github.com/abates/AdventOfCode/2016/alg/spf.go:78.2,78.14 1 1
github.com/abates/AdventOfCode/2016/alg/spf.go:74.31,77.3 2 1
github.com/abates/AdventOfCode/2016/alg/spf.go:81.52,83.37 2 1
github.com/abates/AdventOfCode/2016/alg/spf.go:86.2,86.18 1 1
github.com/abates/AdventOfCode/2016/alg/spf.go:83.37,85.3 1 1
github.com/abates/AdventOfCode/2016/alg/spf.go:89.58,93.37 3 1
github.com/abates/AdventOfCode/2016/alg/spf.go:97.2,98.17 2 1
github.com/abates/AdventOfCode/2016/alg/spf.go:126.2,126.18 1 1
github.com/abates/AdventOfCode/2016/alg/spf.go:93.37,95.3 1 1
github.com/abates/AdventOfCode/2016/alg/spf.go:98.17,100.27 2 1
github.com/abates/AdventOfCode/2016/alg/spf.go:116.3,118.37 2 1
github.com/abates/AdventOfCode/2016/alg/spf.go:100.27,101.19 1 1
github.com/abates/AdventOfCode/2016/alg/spf.go:101.19,103.5 1 1
github.com/abates/AdventOfCode/2016/alg/spf.go:103.5,104.42 1 1
github.com/abates/AdventOfCode/2016/alg/spf.go:104.42,105.50 1 1
github.com/abates/AdventOfCode/2016/alg/spf.go:105.50,106.18 1 1
github.com/abates/AdventOfCode/2016/alg/spf.go:106.18,108.8 1 1
github.com/abates/AdventOfCode/2016/alg/spf.go:109.7,111.7 1 1
github.com/abates/AdventOfCode/2016/alg/spf.go:118.37,120.65 2 1
github.com/abates/AdventOfCode/2016/alg/spf.go:120.65,122.5 1 1
