mode: set
github.com/abates/AdventOfCode/2016/alg/coordinate.go:9.42,11.2 1 1
github.com/abates/AdventOfCode/2016/alg/coordinate.go:13.34,15.2 1 1
github.com/abates/AdventOfCode/2016/alg/coordinate.go:17.41,20.39 3 1
github.com/abates/AdventOfCode/2016/alg/coordinate.go:24.2,24.14 1 1
github.com/abates/AdventOfCode/2016/alg/coordinate.go:20.39,22.3 1 1
github.com/abates/AdventOfCode/2016/alg/coordinate.go:27.52,27.99 1 1
github.com/abates/AdventOfCode/2016/alg/bfs.go:12.32,14.2 1 1
github.com/abates/AdventOfCode/2016/alg/bfs.go:16.36,18.2 1 0
github.com/abates/AdventOfCode/2016/alg/bfs.go:24.31,26.2 1 1
github.com/abates/AdventOfCode/2016/alg/bfs.go:28.36,30.31 2 0
github.com/abates/AdventOfCode/2016/alg/bfs.go:33.2,33.14 1 0
github.com/abates/AdventOfCode/2016/alg/bfs.go:30.31,32.3 1 0
github.com/abates/AdventOfCode/2016/alg/bfs.go:36.45,37.22 1 1
github.com/abates/AdventOfCode/2016/alg/bfs.go:40.2,40.8 1 1
github.com/abates/AdventOfCode/2016/alg/bfs.go:37.22,39.3 1 1
github.com/abates/AdventOfCode/2016/alg/bfs.go:43.46,45.2 1 1
github.com/abates/AdventOfCode/2016/alg/bfs.go:47.46,48.22 1 1
github.com/abates/AdventOfCode/2016/alg/bfs.go:52.2,52.8 1 1
github.com/abates/AdventOfCode/2016/alg/bfs.go:48.22,51.3 2 1
github.com/abates/AdventOfCode/2016/alg/bfs.go:57.53,59.51 2 1
github.com/abates/AdventOfCode/2016/alg/bfs.go:66.2,66.14 1 1
github.com/abates/AdventOfCode/2016/alg/bfs.go:59.51,60.17 1 1
github.com/abates/AdventOfCode/2016/alg/bfs.go:63.3,63.22 1 1
github.com/abates/AdventOfCode/2016/alg/bfs.go:60.17,62.4 1 1
github.com/abates/AdventOfCode/2016/alg/bfs.go:69.32,71.51 2 0
github.com/abates/AdventOfCode/2016/alg/bfs.go:75.2,75.14 1 0
github.com/abates/AdventOfCode/2016/alg/bfs.go:71.51,74.3 2 0
github.com/abates/AdventOfCode/2016/alg/bfs.go:78.51,79.48 1 0
github.com/abates/AdventOfCode/2016/alg/bfs.go:86.2,86.13 1 0
github.com/abates/AdventOfCode/2016/alg/bfs.go:79.48,80.29 1 0
github.com/abates/AdventOfCode/2016/alg/bfs.go:84.3,84.15 1 0
github.com/abates/AdventOfCode/2016/alg/bfs.go:80.29,83.4 2 0
github.com/abates/AdventOfCode/2016/alg/bfs.go:89.45,101.18 6 1
github.com/abates/AdventOfCode/2016/alg/bfs.go:101.18,103.34 2 1
github.com/abates/AdventOfCode/2016/alg/bfs.go:107.3,110.45 3 1
github.com/abates/AdventOfCode/2016/alg/bfs.go:103.34,105.4 1 1
github.com/abates/AdventOfCode/2016/alg/bfs.go:110.45,111.46 1 1
github.com/abates/AdventOfCode/2016/alg/bfs.go:111.46,119.5 5 1
